-------------------------------------------------------------------------------
Test set: org.aguzman.test.springboot.app.SpringbootTestApplicationTests
-------------------------------------------------------------------------------
Tests run: 3, Failures: 0, Errors: 3, Skipped: 0, Time elapsed: 4.32 s <<< FAILURE! - in org.aguzman.test.springboot.app.SpringbootTestApplicationTests
contextLoads2  Time elapsed: 0.015 s  <<< ERROR!
java.lang.IllegalStateException: Failed to load ApplicationContext
Caused by: org.springframework.beans.factory.BeanCreationException: Error creating bean with name 'entityManagerFactory' defined in class path resource [org/springframework/boot/autoconfigure/orm/jpa/HibernateJpaConfiguration.class]: Initialization of bean failed; nested exception is org.springframework.boot.context.properties.source.InvalidConfigurationPropertyValueException: Property spring.datasource.data with value 'ServletContext resource [/insert.sql]' is invalid: No resources were found at location 'insert.sql'.
Caused by: org.springframework.boot.context.properties.source.InvalidConfigurationPropertyValueException: Property spring.datasource.data with value 'ServletContext resource [/insert.sql]' is invalid: No resources were found at location 'insert.sql'.

contextLoads3  Time elapsed: 0.001 s  <<< ERROR!
java.lang.IllegalStateException: Failed to load ApplicationContext
Caused by: org.springframework.beans.factory.BeanCreationException: Error creating bean with name 'entityManagerFactory' defined in class path resource [org/springframework/boot/autoconfigure/orm/jpa/HibernateJpaConfiguration.class]: Initialization of bean failed; nested exception is org.springframework.boot.context.properties.source.InvalidConfigurationPropertyValueException: Property spring.datasource.data with value 'ServletContext resource [/insert.sql]' is invalid: No resources were found at location 'insert.sql'.
Caused by: org.springframework.boot.context.properties.source.InvalidConfigurationPropertyValueException: Property spring.datasource.data with value 'ServletContext resource [/insert.sql]' is invalid: No resources were found at location 'insert.sql'.

contextLoads  Time elapsed: 0 s  <<< ERROR!
java.lang.IllegalStateException: Failed to load ApplicationContext
Caused by: org.springframework.beans.factory.BeanCreationException: Error creating bean with name 'entityManagerFactory' defined in class path resource [org/springframework/boot/autoconfigure/orm/jpa/HibernateJpaConfiguration.class]: Initialization of bean failed; nested exception is org.springframework.boot.context.properties.source.InvalidConfigurationPropertyValueException: Property spring.datasource.data with value 'ServletContext resource [/insert.sql]' is invalid: No resources were found at location 'insert.sql'.
Caused by: org.springframework.boot.context.properties.source.InvalidConfigurationPropertyValueException: Property spring.datasource.data with value 'ServletContext resource [/insert.sql]' is invalid: No resources were found at location 'insert.sql'.

